Build started 2/24/2020 1:30:30 AM.
     1>Project "c:\Users\107A\documents\visual studio 2010\Projects\bresenham\bresenham\bresenham.vcxproj" on node 2 (build target(s)).
     1>InitializeBuildStatus:
         Creating "Debug\bresenham.unsuccessfulbuild" because "AlwaysCreate" was specified.
       ClCompile:
         C:\Program Files (x86)\Microsoft Visual Studio 10.0\VC\bin\CL.exe /c /ZI /nologo /W3 /WX- /Od /Oy- /D WIN32 /D _DEBUG /D _CONSOLE /D _UNICODE /D UNICODE /Gm /EHsc /RTC1 /MDd /GS /fp:precise /Zc:wchar_t /Zc:forScope /Fo"Debug\\" /Fd"Debug\vc100.pdb" /Gd /TP /analyze- /errorReport:prompt bresenham.cpp
         bresenham.cpp
       ManifestResourceCompile:
         All outputs are up-to-date.
       Link:
         C:\Program Files (x86)\Microsoft Visual Studio 10.0\VC\bin\link.exe /ERRORREPORT:PROMPT /OUT:"c:\users\107a\documents\visual studio 2010\Projects\bresenham\Debug\bresenham.exe" /INCREMENTAL /NOLOGO kernel32.lib user32.lib gdi32.lib winspool.lib comdlg32.lib advapi32.lib shell32.lib ole32.lib oleaut32.lib uuid.lib odbc32.lib odbccp32.lib /MANIFEST /ManifestFile:"Debug\bresenham.exe.intermediate.manifest" /MANIFESTUAC:"level='asInvoker' uiAccess='false'" /DEBUG /PDB:"c:\users\107a\documents\visual studio 2010\Projects\bresenham\Debug\bresenham.pdb" /SUBSYSTEM:CONSOLE /TLBID:1 /DYNAMICBASE /NXCOMPAT /IMPLIB:"c:\users\107a\documents\visual studio 2010\Projects\bresenham\Debug\bresenham.lib" /MACHINE:X86 Debug\bresenham.exe.embed.manifest.res
         Debug\bresenham.obj
       Manifest:
         C:\Program Files (x86)\Microsoft SDKs\Windows\v7.0A\bin\mt.exe /nologo /verbose /out:"Debug\bresenham.exe.embed.manifest" /manifest Debug\bresenham.exe.intermediate.manifest
         All outputs are up-to-date.
       LinkEmbedManifest:
         All outputs are up-to-date.
         bresenham.vcxproj -> c:\users\107a\documents\visual studio 2010\Projects\bresenham\Debug\bresenham.exe
       FinalizeBuildStatus:
         Deleting file "Debug\bresenham.unsuccessfulbuild".
         Touching "Debug\bresenham.lastbuildstate".
     1>Done Building Project "c:\Users\107A\documents\visual studio 2010\Projects\bresenham\bresenham\bresenham.vcxproj" (build target(s)).

Build succeeded.

Time Elapsed 00:00:00.52
