C:\USERS\107A\DOCUMENTS\VISUAL STUDIO 2010\PROJECTS\RECT_MESH\DEBUG\RECT_MESH.EXE
C:\USERS\107A\DOCUMENTS\VISUAL STUDIO 2010\PROJECTS\RECT_MESH\DEBUG\RECT_MESH.ILK
C:\USERS\107A\DOCUMENTS\VISUAL STUDIO 2010\PROJECTS\RECT_MESH\DEBUG\RECT_MESH.PDB
c:\Users\107A\documents\visual studio 2010\Projects\rect_mesh\rect_mesh\Debug\cl.command.1.tlog
c:\Users\107A\documents\visual studio 2010\Projects\rect_mesh\rect_mesh\Debug\CL.read.1.tlog
c:\Users\107A\documents\visual studio 2010\Projects\rect_mesh\rect_mesh\Debug\CL.write.1.tlog
c:\Users\107A\documents\visual studio 2010\Projects\rect_mesh\rect_mesh\Debug\link.9060.read.1.tlog
c:\Users\107A\documents\visual studio 2010\Projects\rect_mesh\rect_mesh\Debug\link.9060.write.1.tlog
c:\Users\107A\documents\visual studio 2010\Projects\rect_mesh\rect_mesh\Debug\link.9060-cvtres.read.1.tlog
c:\Users\107A\documents\visual studio 2010\Projects\rect_mesh\rect_mesh\Debug\link.9060-cvtres.write.1.tlog
c:\Users\107A\documents\visual studio 2010\Projects\rect_mesh\rect_mesh\Debug\link.command.1.tlog
c:\Users\107A\documents\visual studio 2010\Projects\rect_mesh\rect_mesh\Debug\link.read.1.tlog
c:\Users\107A\documents\visual studio 2010\Projects\rect_mesh\rect_mesh\Debug\link.write.1.tlog
c:\Users\107A\documents\visual studio 2010\Projects\rect_mesh\rect_mesh\Debug\link-cvtres.read.1.tlog
c:\Users\107A\documents\visual studio 2010\Projects\rect_mesh\rect_mesh\Debug\link-cvtres.write.1.tlog
c:\Users\107A\documents\visual studio 2010\Projects\rect_mesh\rect_mesh\Debug\mt.command.1.tlog
c:\Users\107A\documents\visual studio 2010\Projects\rect_mesh\rect_mesh\Debug\mt.read.1.tlog
c:\Users\107A\documents\visual studio 2010\Projects\rect_mesh\rect_mesh\Debug\mt.write.1.tlog
c:\Users\107A\documents\visual studio 2010\Projects\rect_mesh\rect_mesh\Debug\rc.command.1.tlog
c:\Users\107A\documents\visual studio 2010\Projects\rect_mesh\rect_mesh\Debug\rc.read.1.tlog
c:\Users\107A\documents\visual studio 2010\Projects\rect_mesh\rect_mesh\Debug\rc.write.1.tlog
C:\USERS\107A\DOCUMENTS\VISUAL STUDIO 2010\PROJECTS\RECT_MESH\RECT_MESH\DEBUG\RECT_MESH.EXE.EMBED.MANIFEST
C:\USERS\107A\DOCUMENTS\VISUAL STUDIO 2010\PROJECTS\RECT_MESH\RECT_MESH\DEBUG\RECT_MESH.EXE.EMBED.MANIFEST.RES
C:\USERS\107A\DOCUMENTS\VISUAL STUDIO 2010\PROJECTS\RECT_MESH\RECT_MESH\DEBUG\RECT_MESH.EXE.INTERMEDIATE.MANIFEST
C:\USERS\107A\DOCUMENTS\VISUAL STUDIO 2010\PROJECTS\RECT_MESH\RECT_MESH\DEBUG\RECT_MESH.OBJ
c:\Users\107A\documents\visual studio 2010\Projects\rect_mesh\rect_mesh\Debug\rect_mesh.write.1.tlog
c:\Users\107A\documents\visual studio 2010\Projects\rect_mesh\rect_mesh\Debug\rect_mesh_manifest.rc
c:\Users\107A\documents\visual studio 2010\Projects\rect_mesh\rect_mesh\Debug\vc100.idb
C:\USERS\107A\DOCUMENTS\VISUAL STUDIO 2010\PROJECTS\RECT_MESH\RECT_MESH\DEBUG\VC100.PDB
