C:\USERS\107A\DOCUMENTS\VISUAL STUDIO 2010\PROJECTS\TETRA\DEBUG\TETRA.EXE
C:\USERS\107A\DOCUMENTS\VISUAL STUDIO 2010\PROJECTS\TETRA\DEBUG\TETRA.ILK
C:\USERS\107A\DOCUMENTS\VISUAL STUDIO 2010\PROJECTS\TETRA\DEBUG\TETRA.PDB
C:\Users\107A\Documents\Visual Studio 2010\Projects\tetra\tetra\Debug\cl.command.1.tlog
C:\Users\107A\Documents\Visual Studio 2010\Projects\tetra\tetra\Debug\CL.read.1.tlog
C:\Users\107A\Documents\Visual Studio 2010\Projects\tetra\tetra\Debug\CL.write.1.tlog
C:\Users\107A\Documents\Visual Studio 2010\Projects\tetra\tetra\Debug\link.1300.read.1.tlog
C:\Users\107A\Documents\Visual Studio 2010\Projects\tetra\tetra\Debug\link.1300.write.1.tlog
C:\Users\107A\Documents\Visual Studio 2010\Projects\tetra\tetra\Debug\link.1300-cvtres.read.1.tlog
C:\Users\107A\Documents\Visual Studio 2010\Projects\tetra\tetra\Debug\link.1300-cvtres.write.1.tlog
C:\Users\107A\Documents\Visual Studio 2010\Projects\tetra\tetra\Debug\link.command.1.tlog
C:\Users\107A\Documents\Visual Studio 2010\Projects\tetra\tetra\Debug\link.read.1.tlog
C:\Users\107A\Documents\Visual Studio 2010\Projects\tetra\tetra\Debug\link.write.1.tlog
C:\Users\107A\Documents\Visual Studio 2010\Projects\tetra\tetra\Debug\link-cvtres.read.1.tlog
C:\Users\107A\Documents\Visual Studio 2010\Projects\tetra\tetra\Debug\link-cvtres.write.1.tlog
C:\Users\107A\Documents\Visual Studio 2010\Projects\tetra\tetra\Debug\mt.command.1.tlog
C:\Users\107A\Documents\Visual Studio 2010\Projects\tetra\tetra\Debug\mt.read.1.tlog
C:\Users\107A\Documents\Visual Studio 2010\Projects\tetra\tetra\Debug\mt.write.1.tlog
C:\Users\107A\Documents\Visual Studio 2010\Projects\tetra\tetra\Debug\rc.command.1.tlog
C:\Users\107A\Documents\Visual Studio 2010\Projects\tetra\tetra\Debug\rc.read.1.tlog
C:\Users\107A\Documents\Visual Studio 2010\Projects\tetra\tetra\Debug\rc.write.1.tlog
C:\USERS\107A\DOCUMENTS\VISUAL STUDIO 2010\PROJECTS\TETRA\TETRA\DEBUG\TETRA.EXE.EMBED.MANIFEST
C:\USERS\107A\DOCUMENTS\VISUAL STUDIO 2010\PROJECTS\TETRA\TETRA\DEBUG\TETRA.EXE.EMBED.MANIFEST.RES
C:\USERS\107A\DOCUMENTS\VISUAL STUDIO 2010\PROJECTS\TETRA\TETRA\DEBUG\TETRA.EXE.INTERMEDIATE.MANIFEST
C:\USERS\107A\DOCUMENTS\VISUAL STUDIO 2010\PROJECTS\TETRA\TETRA\DEBUG\TETRA.OBJ
C:\Users\107A\Documents\Visual Studio 2010\Projects\tetra\tetra\Debug\tetra.write.1.tlog
C:\Users\107A\Documents\Visual Studio 2010\Projects\tetra\tetra\Debug\tetra_manifest.rc
C:\Users\107A\Documents\Visual Studio 2010\Projects\tetra\tetra\Debug\vc100.idb
C:\USERS\107A\DOCUMENTS\VISUAL STUDIO 2010\PROJECTS\TETRA\TETRA\DEBUG\VC100.PDB
