Build started 2/17/2020 2:43:58 AM.
     1>Project "c:\Users\107A\documents\visual studio 2010\Projects\gasket2d\gasket2d\gasket2d.vcxproj" on node 2 (rebuild target(s)).
     1>_PrepareForClean:
         Deleting file "Debug\gasket2d.lastbuildstate".
       InitializeBuildStatus:
         Creating "Debug\gasket2d.unsuccessfulbuild" because "AlwaysCreate" was specified.
       ClCompile:
         C:\Program Files (x86)\Microsoft Visual Studio 10.0\VC\bin\CL.exe /c /ZI /nologo /W3 /WX- /Od /Oy- /D WIN32 /D _DEBUG /D _CONSOLE /D _UNICODE /D UNICODE /Gm /EHsc /RTC1 /MDd /GS /fp:precise /Zc:wchar_t /Zc:forScope /Fo"Debug\\" /Fd"Debug\vc100.pdb" /Gd /TP /analyze- /errorReport:prompt gasket2d.cpp
         gasket2d.cpp
     1>c:\users\107a\documents\visual studio 2010\projects\gasket2d\gasket2d\gasket2d.cpp(41): warning C4996: 'scanf': This function or variable may be unsafe. Consider using scanf_s instead. To disable deprecation, use _CRT_SECURE_NO_WARNINGS. See online help for details.
                 c:\program files (x86)\microsoft visual studio 10.0\vc\include\stdio.h(304) : see declaration of 'scanf'
       ManifestResourceCompile:
         C:\Program Files (x86)\Microsoft SDKs\Windows\v7.0A\bin\rc.exe /nologo /fo"Debug\gasket2d.exe.embed.manifest.res" Debug\gasket2d_manifest.rc 
       Link:
         C:\Program Files (x86)\Microsoft Visual Studio 10.0\VC\bin\link.exe /ERRORREPORT:PROMPT /OUT:"c:\users\107a\documents\visual studio 2010\Projects\gasket2d\Debug\gasket2d.exe" /INCREMENTAL /NOLOGO kernel32.lib user32.lib gdi32.lib winspool.lib comdlg32.lib advapi32.lib shell32.lib ole32.lib oleaut32.lib uuid.lib odbc32.lib odbccp32.lib /MANIFEST /ManifestFile:"Debug\gasket2d.exe.intermediate.manifest" /MANIFESTUAC:"level='asInvoker' uiAccess='false'" /DEBUG /PDB:"c:\users\107a\documents\visual studio 2010\Projects\gasket2d\Debug\gasket2d.pdb" /SUBSYSTEM:CONSOLE /TLBID:1 /DYNAMICBASE /NXCOMPAT /IMPLIB:"c:\users\107a\documents\visual studio 2010\Projects\gasket2d\Debug\gasket2d.lib" /MACHINE:X86 Debug\gasket2d.exe.embed.manifest.res
         Debug\gasket2d.obj
       Manifest:
         Deleting file "Debug\gasket2d.exe.embed.manifest".
         C:\Program Files (x86)\Microsoft SDKs\Windows\v7.0A\bin\mt.exe /nologo /verbose /out:"Debug\gasket2d.exe.embed.manifest" /manifest Debug\gasket2d.exe.intermediate.manifest
         C:\Program Files (x86)\Microsoft SDKs\Windows\v7.0A\bin\rc.exe /nologo /fo"Debug\gasket2d.exe.embed.manifest.res" Debug\gasket2d_manifest.rc 
       LinkEmbedManifest:
         C:\Program Files (x86)\Microsoft Visual Studio 10.0\VC\bin\link.exe /ERRORREPORT:PROMPT /OUT:"c:\users\107a\documents\visual studio 2010\Projects\gasket2d\Debug\gasket2d.exe" /INCREMENTAL /NOLOGO kernel32.lib user32.lib gdi32.lib winspool.lib comdlg32.lib advapi32.lib shell32.lib ole32.lib oleaut32.lib uuid.lib odbc32.lib odbccp32.lib /MANIFEST /ManifestFile:"Debug\gasket2d.exe.intermediate.manifest" /MANIFESTUAC:"level='asInvoker' uiAccess='false'" /DEBUG /PDB:"c:\users\107a\documents\visual studio 2010\Projects\gasket2d\Debug\gasket2d.pdb" /SUBSYSTEM:CONSOLE /TLBID:1 /DYNAMICBASE /NXCOMPAT /IMPLIB:"c:\users\107a\documents\visual studio 2010\Projects\gasket2d\Debug\gasket2d.lib" /MACHINE:X86 Debug\gasket2d.exe.embed.manifest.res
         Debug\gasket2d.obj
         gasket2d.vcxproj -> c:\users\107a\documents\visual studio 2010\Projects\gasket2d\Debug\gasket2d.exe
       FinalizeBuildStatus:
         Deleting file "Debug\gasket2d.unsuccessfulbuild".
         Touching "Debug\gasket2d.lastbuildstate".
     1>Done Building Project "c:\Users\107A\documents\visual studio 2010\Projects\gasket2d\gasket2d\gasket2d.vcxproj" (rebuild target(s)).

Build succeeded.

Time Elapsed 00:00:01.08
