C:\USERS\107A\DOCUMENTS\VISUAL STUDIO 2010\PROJECTS\GASKET2D\DEBUG\GASKET2D.EXE
C:\USERS\107A\DOCUMENTS\VISUAL STUDIO 2010\PROJECTS\GASKET2D\DEBUG\GASKET2D.ILK
C:\USERS\107A\DOCUMENTS\VISUAL STUDIO 2010\PROJECTS\GASKET2D\DEBUG\GASKET2D.PDB
c:\Users\107A\documents\visual studio 2010\Projects\gasket2d\gasket2d\Debug\cl.command.1.tlog
c:\Users\107A\documents\visual studio 2010\Projects\gasket2d\gasket2d\Debug\CL.read.1.tlog
c:\Users\107A\documents\visual studio 2010\Projects\gasket2d\gasket2d\Debug\CL.write.1.tlog
C:\USERS\107A\DOCUMENTS\VISUAL STUDIO 2010\PROJECTS\GASKET2D\GASKET2D\DEBUG\GASKET2D.EXE.EMBED.MANIFEST
C:\USERS\107A\DOCUMENTS\VISUAL STUDIO 2010\PROJECTS\GASKET2D\GASKET2D\DEBUG\GASKET2D.EXE.EMBED.MANIFEST.RES
C:\USERS\107A\DOCUMENTS\VISUAL STUDIO 2010\PROJECTS\GASKET2D\GASKET2D\DEBUG\GASKET2D.EXE.INTERMEDIATE.MANIFEST
C:\USERS\107A\DOCUMENTS\VISUAL STUDIO 2010\PROJECTS\GASKET2D\GASKET2D\DEBUG\GASKET2D.OBJ
c:\Users\107A\documents\visual studio 2010\Projects\gasket2d\gasket2d\Debug\gasket2d.vcxprojResolveAssemblyReference.cache
c:\Users\107A\documents\visual studio 2010\Projects\gasket2d\gasket2d\Debug\gasket2d.write.1.tlog
c:\Users\107A\documents\visual studio 2010\Projects\gasket2d\gasket2d\Debug\gasket2d_manifest.rc
c:\Users\107A\documents\visual studio 2010\Projects\gasket2d\gasket2d\Debug\link.4868.read.1.tlog
c:\Users\107A\documents\visual studio 2010\Projects\gasket2d\gasket2d\Debug\link.4868.write.1.tlog
c:\Users\107A\documents\visual studio 2010\Projects\gasket2d\gasket2d\Debug\link.4868-cvtres.read.1.tlog
c:\Users\107A\documents\visual studio 2010\Projects\gasket2d\gasket2d\Debug\link.4868-cvtres.write.1.tlog
c:\Users\107A\documents\visual studio 2010\Projects\gasket2d\gasket2d\Debug\link.command.1.tlog
c:\Users\107A\documents\visual studio 2010\Projects\gasket2d\gasket2d\Debug\link.read.1.tlog
c:\Users\107A\documents\visual studio 2010\Projects\gasket2d\gasket2d\Debug\link.write.1.tlog
c:\Users\107A\documents\visual studio 2010\Projects\gasket2d\gasket2d\Debug\link-cvtres.read.1.tlog
c:\Users\107A\documents\visual studio 2010\Projects\gasket2d\gasket2d\Debug\link-cvtres.write.1.tlog
c:\Users\107A\documents\visual studio 2010\Projects\gasket2d\gasket2d\Debug\mt.command.1.tlog
c:\Users\107A\documents\visual studio 2010\Projects\gasket2d\gasket2d\Debug\mt.read.1.tlog
c:\Users\107A\documents\visual studio 2010\Projects\gasket2d\gasket2d\Debug\mt.write.1.tlog
c:\Users\107A\documents\visual studio 2010\Projects\gasket2d\gasket2d\Debug\rc.command.1.tlog
c:\Users\107A\documents\visual studio 2010\Projects\gasket2d\gasket2d\Debug\rc.read.1.tlog
c:\Users\107A\documents\visual studio 2010\Projects\gasket2d\gasket2d\Debug\rc.write.1.tlog
c:\Users\107A\documents\visual studio 2010\Projects\gasket2d\gasket2d\Debug\vc100.idb
C:\USERS\107A\DOCUMENTS\VISUAL STUDIO 2010\PROJECTS\GASKET2D\GASKET2D\DEBUG\VC100.PDB
